<?xml version="1.0" encoding="UTF-8"?>
<!-- Generated by org.testng.reporters.JUnitXMLReporter -->
<testsuite ignored="0" hostname="LAPTOP-RKNPTQBR" failures="1" tests="1" name="opencartTest" time="3.218" errors="0" timestamp="2021-08-18T19:53:48 IST">
  <testcase classname="TestCases.TC_001AccountRegistration" name="test_accout_Registration" time="0.008">
    <failure type="java.lang.AssertionError" message="null">
      <![CDATA[java.lang.AssertionError: null
at TestCases.TC_001AccountRegistration.test_accout_Registration(TC_001AccountRegistration.java:80)
at java.base/java.util.ArrayList.forEach(ArrayList.java:1511)
... Removed 29 stack frames]]>
    </failure>
  </testcase> <!-- test_accout_Registration -->
</testsuite> <!-- opencartTest -->
